This is pdfTeX, Version 3.14159265-2.6-1.40.16 (TeX Live 2015) (preloaded format=pdflatex 2015.5.24)  20 MAR 2016 16:11
entering extended mode
 restricted \write18 enabled.
 %&-line parsing enabled.
**acl2016.tex
(./acl2016.tex
LaTeX2e <2015/01/01>
Babel <3.9l> and hyphenation patterns for 79 languages loaded.
(/usr/local/texlive/2015/texmf-dist/tex/latex/base/article.cls
Document Class: article 2014/09/29 v1.4h Standard LaTeX document class
(/usr/local/texlive/2015/texmf-dist/tex/latex/base/size11.clo
File: size11.clo 2014/09/29 v1.4h Standard LaTeX file (size option)
)
\c@part=\count79
\c@section=\count80
\c@subsection=\count81
\c@subsubsection=\count82
\c@paragraph=\count83
\c@subparagraph=\count84
\c@figure=\count85
\c@table=\count86
\abovecaptionskip=\skip41
\belowcaptionskip=\skip42
\bibindent=\dimen102
) (./acl2016.sty
Conference Style for ACL 2016 -- released January 17th, 2016
\titlebox=\skip43
\aclrulerbox=\box26
\aclrulercount=\count87
\aclruleroffset=\dimen103
\cv@lineheight=\dimen104
\cv@boxheight=\dimen105
\cv@tmpbox=\box27
\cv@refno=\count88
\cv@tot=\count89
\cv@tmpc@=\count90
\cv@tmpc=\count91
) (/usr/local/texlive/2015/texmf-dist/tex/latex/psnfss/times.sty
Package: times 2005/04/12 PSNFSS-v9.2a (SPQR) 
)
(/usr/local/texlive/2015/texmf-dist/tex/latex/base/latexsym.sty
Package: latexsym 1998/08/17 v2.2e Standard LaTeX package (lasy symbols)
\symlasy=\mathgroup4
LaTeX Font Info:    Overwriting symbol font `lasy' in version `bold'
(Font)                  U/lasy/m/n --> U/lasy/b/n on input line 52.
)
No file acl2016.aux.
\openout1 = `acl2016.aux'.

LaTeX Font Info:    Checking defaults for OML/cmm/m/it on input line 68.
LaTeX Font Info:    ... okay on input line 68.
LaTeX Font Info:    Checking defaults for T1/cmr/m/n on input line 68.
LaTeX Font Info:    ... okay on input line 68.
LaTeX Font Info:    Checking defaults for OT1/cmr/m/n on input line 68.
LaTeX Font Info:    ... okay on input line 68.
LaTeX Font Info:    Checking defaults for OMS/cmsy/m/n on input line 68.
LaTeX Font Info:    ... okay on input line 68.
LaTeX Font Info:    Checking defaults for OMX/cmex/m/n on input line 68.
LaTeX Font Info:    ... okay on input line 68.
LaTeX Font Info:    Checking defaults for U/cmr/m/n on input line 68.
LaTeX Font Info:    ... okay on input line 68.
LaTeX Font Info:    Try loading font information for OT1+ptm on input line 68.
(/usr/local/texlive/2015/texmf-dist/tex/latex/psnfss/ot1ptm.fd
File: ot1ptm.fd 2001/06/04 font definitions for OT1/ptm.
)
ABD: EveryShipout initializing macros
LaTeX Font Info:    Font shape `OT1/ptm/bx/n' in size <14.4> not available
(Font)              Font shape `OT1/ptm/b/n' tried instead on input line 70.
LaTeX Font Info:    External font `cmex10' loaded for size
(Font)              <14.4> on input line 70.
LaTeX Font Info:    External font `cmex10' loaded for size
(Font)              <7> on input line 70.
LaTeX Font Info:    Try loading font information for U+lasy on input line 70.

(/usr/local/texlive/2015/texmf-dist/tex/latex/base/ulasy.fd
File: ulasy.fd 1998/08/17 v2.2e LaTeX symbol font definitions
)
LaTeX Font Info:    External font `cmex10' loaded for size
(Font)              <12> on input line 70.
LaTeX Font Info:    External font `cmex10' loaded for size
(Font)              <8> on input line 70.
LaTeX Font Info:    External font `cmex10' loaded for size
(Font)              <6> on input line 70.
LaTeX Font Info:    Font shape `OT1/ptm/bx/n' in size <12> not available
(Font)              Font shape `OT1/ptm/b/n' tried instead on input line 70.
LaTeX Font Info:    External font `cmex10' loaded for size
(Font)              <9> on input line 70.
LaTeX Font Info:    External font `cmex10' loaded for size
(Font)              <5> on input line 70.
LaTeX Font Info:    External font `cmex10' loaded for size
(Font)              <10.95> on input line 78.
LaTeX Font Info:    Try loading font information for OT1+pcr on input line 78.

(/usr/local/texlive/2015/texmf-dist/tex/latex/psnfss/ot1pcr.fd
File: ot1pcr.fd 2001/06/04 font definitions for OT1/pcr.
)
Underfull \hbox (badness 2538) in paragraph at lines 73--79
\OT1/ptm/m/n/10.95 prepar-ing ACL 2016 sub-mis-sions and
 []


Underfull \hbox (badness 1210) in paragraph at lines 73--79
\OT1/ptm/m/n/10.95 camera-ready manuscripts. The doc-u-
 []


Underfull \hbox (badness 1308) in paragraph at lines 73--79
\OT1/ptm/m/n/10.95 us-ing the pro-vided L[]T[]X and B\OT1/ptm/m/sc/10.95 ib\OT1
/ptm/m/n/10.95 T[]X
 []

LaTeX Font Info:    Font shape `OT1/ptm/bx/n' in size <10.95> not available
(Font)              Font shape `OT1/ptm/b/n' tried instead on input line 92.

LaTeX Warning: Reference `ssec:accessibility' on page 1 undefined on input line
 92.


Underfull \hbox (badness 1264) in paragraph at lines 102--104
\OT1/ptm/m/n/10.95 for ini-tial sub-mis-sion. Au-thors should place
 []


LaTeX Warning: Reference `ssec:first' on page 1 undefined on input line 113.


LaTeX Warning: Reference `sec:length' on page 1 undefined on input line 121.

[1{/usr/local/texlive/2015/texmf-var/fonts/map/pdftex/updmap/pdftex.map}



]
Underfull \hbox (badness 10000) in paragraph at lines 150--158
\OT1/ptm/m/n/10.95 ACL pro-vides this de-scrip-tion in L[]T[]X2e
 []


Underfull \hbox (badness 4441) in paragraph at lines 150--158
\OT1/ptm/m/n/10.95 it (\OT1/pcr/m/n/9 acl2016.sty\OT1/ptm/m/n/10.95 ) and an AC
L bib-li-og-ra-phy
 []


Underfull \hbox (badness 4242) in paragraph at lines 150--158
\OT1/pcr/m/n/9 acl2016.org/index.php?article[]id=9\OT1/ptm/m/n/10.95 . We
 []


LaTeX Warning: Reference `font-table' on page 2 undefined on input line 208.

[2]
LaTeX Font Info:    Font shape `OT1/ptm/bx/n' in size <9> not available
(Font)              Font shape `OT1/ptm/b/n' tried instead on input line 233.


LaTeX Warning: Reference `sect:pdf' on page 3 undefined on input line 265.


LaTeX Warning: Citation `Gusfield:97' on page 3 undefined on input line 278.


LaTeX Warning: Citation `Gusfield:97' on page 3 undefined on input line 279.


LaTeX Warning: Citation `Gusfield:97' on page 3 undefined on input line 280.


LaTeX Warning: Citation `Aho:72' on page 3 undefined on input line 280.


LaTeX Warning: Citation `Aho:72' on page 3 undefined on input line 282.


LaTeX Warning: Citation `Chandra:81' on page 3 undefined on input line 283.


LaTeX Warning: Reference `tab:accents' on page 3 undefined on input line 288.


LaTeX Warning: Citation `APA:83' on page 3 undefined on input line 305.


Underfull \hbox (badness 1142) in paragraph at lines 329--334
\OT1/ptm/b/n/10.95 Illustrations\OT1/ptm/m/n/10.95 : Place fig-ures, ta-bles, a
nd pho-
 []

[3]
Underfull \hbox (badness 1163) in paragraph at lines 379--388
\OT1/ptm/m/n/10.95 iden-tity, e.g., ``We pre-vi-ously showed (Smith,
 []

[4]
No file acl2016.bbl.

Underfull \hbox (badness 2181) in paragraph at lines 454--458
[]\OT1/pcr/m/n/10.95 \appendix \OT1/ptm/m/n/10.95 be-fore any ap-pendix sec-tio
n to
 []

[5

] (./acl2016.aux)

LaTeX Warning: There were undefined references.


LaTeX Warning: Label(s) may have changed. Rerun to get cross-references right.

 )
(\end occurred when \iffalse on line 331 was incomplete) 
Here is how much of TeX's memory you used:
 493 strings out of 493089
 6171 string characters out of 6134842
 72946 words of memory out of 5000000
 4009 multiletter control sequences out of 15000+600000
 32721 words of font info for 74 fonts, out of 8000000 for 9000
 1141 hyphenation exceptions out of 8191
 25i,17n,24p,900b,325s stack positions out of 5000i,500n,10000p,200000b,80000s
{/usr/local/texlive/201
5/texmf-dist/fonts/enc/dvips/base/8r.enc}</usr/local/texlive/2015/texmf-dist/fo
nts/type1/public/amsfonts/cm/cmmi10.pfb></usr/local/texlive/2015/texmf-dist/fon
ts/type1/public/amsfonts/cm/cmr10.pfb></usr/local/texlive/2015/texmf-dist/fonts
/type1/public/amsfonts/cm/cmsy10.pfb></usr/local/texlive/2015/texmf-dist/fonts/
type1/public/amsfonts/cm/cmsy6.pfb></usr/local/texlive/2015/texmf-dist/fonts/ty
pe1/urw/courier/ucrr8a.pfb></usr/local/texlive/2015/texmf-dist/fonts/type1/urw/
helvetic/uhvb8a.pfb></usr/local/texlive/2015/texmf-dist/fonts/type1/urw/times/u
tmb8a.pfb></usr/local/texlive/2015/texmf-dist/fonts/type1/urw/times/utmr8a.pfb>
</usr/local/texlive/2015/texmf-dist/fonts/type1/urw/times/utmri8a.pfb>
Output written on acl2016.pdf (5 pages, 126849 bytes).
PDF statistics:
 57 PDF objects out of 1000 (max. 8388607)
 40 compressed objects within 1 object stream
 0 named destinations out of 1000 (max. 500000)
 1 words of extra memory for PDF output out of 10000 (max. 10000000)

